<?xml version="1.0" encoding="UTF-8"?>
<robot generator="Robot 3.2.2 (Python 3.7.0 on win32)" generated="20210207 17:02:32.850" rpa="false">
<suite id="s1" name="TransferFund" source="C:\pythonProject\Robot\TestCase\TransferFund.robot">
<test id="s1-t1" name="LoginTest">
<kw name="Open my Browser" library="LoginKeywords">
<arguments>
<arg>${SiteURL}</arg>
<arg>${Browser}</arg>
</arguments>
<kw name="Open Browser" library="SeleniumLibrary">
<doc>Opens a new browser instance to the given ``url``.</doc>
<arguments>
<arg>${SiteURL}</arg>
<arg>${Browser}</arg>
</arguments>
<msg timestamp="20210207 17:02:33.148" level="INFO">Opening browser 'chrome' to base url 'https://parabank.parasoft.com/parabank/index.htm'.</msg>
<status status="PASS" starttime="20210207 17:02:33.148" endtime="20210207 17:02:36.593"></status>
</kw>
<kw name="Maximize Browser Window" library="SeleniumLibrary">
<doc>Maximizes current browser window.</doc>
<status status="PASS" starttime="20210207 17:02:36.594" endtime="20210207 17:02:36.777"></status>
</kw>
<status status="PASS" starttime="20210207 17:02:33.146" endtime="20210207 17:02:36.778"></status>
</kw>
<kw name="Sleep" library="BuiltIn">
<doc>Pauses the test executed for the given time.</doc>
<arguments>
<arg>3</arg>
<arg>seconds</arg>
</arguments>
<msg timestamp="20210207 17:02:39.782" level="INFO">Slept 3 seconds</msg>
<msg timestamp="20210207 17:02:39.783" level="INFO">seconds</msg>
<status status="PASS" starttime="20210207 17:02:36.779" endtime="20210207 17:02:39.783"></status>
</kw>
<kw name="Enter UserName" library="LoginKeywords">
<arguments>
<arg>${Username}</arg>
</arguments>
<kw name="Input Text" library="SeleniumLibrary">
<doc>Types the given ``text`` into text field identified by ``locator``.</doc>
<arguments>
<arg>${Input_UserID}</arg>
<arg>${Username}</arg>
</arguments>
<msg timestamp="20210207 17:02:39.790" level="INFO">Typing text 'john' into text field 'xpath://input[@name='username']'.</msg>
<status status="PASS" starttime="20210207 17:02:39.788" endtime="20210207 17:02:40.111"></status>
</kw>
<status status="PASS" starttime="20210207 17:02:39.785" endtime="20210207 17:02:40.111"></status>
</kw>
<kw name="Enter PW" library="LoginKeywords">
<arguments>
<arg>${Password}</arg>
</arguments>
<kw name="Input Text" library="SeleniumLibrary">
<doc>Types the given ``text`` into text field identified by ``locator``.</doc>
<arguments>
<arg>${Input_PW}</arg>
<arg>${Password}</arg>
</arguments>
<msg timestamp="20210207 17:02:40.113" level="INFO">Typing text 'demo' into text field 'xpath://input[@name ='password']'.</msg>
<status status="PASS" starttime="20210207 17:02:40.113" endtime="20210207 17:02:40.285"></status>
</kw>
<status status="PASS" starttime="20210207 17:02:40.112" endtime="20210207 17:02:40.285"></status>
</kw>
<kw name="Click SubmitBtn" library="LoginKeywords">
<kw name="Click Button" library="SeleniumLibrary">
<doc>Clicks button identified by ``locator``.</doc>
<arguments>
<arg>${SubmitBtn}</arg>
</arguments>
<msg timestamp="20210207 17:02:40.287" level="INFO">Clicking button 'xpath://input[@type ='submit']'.</msg>
<status status="PASS" starttime="20210207 17:02:40.287" endtime="20210207 17:02:40.974"></status>
</kw>
<status status="PASS" starttime="20210207 17:02:40.286" endtime="20210207 17:02:40.974"></status>
</kw>
<kw name="Sleep" library="BuiltIn">
<doc>Pauses the test executed for the given time.</doc>
<arguments>
<arg>3</arg>
<arg>seconds</arg>
</arguments>
<msg timestamp="20210207 17:02:43.976" level="INFO">Slept 3 seconds</msg>
<msg timestamp="20210207 17:02:43.976" level="INFO">seconds</msg>
<status status="PASS" starttime="20210207 17:02:40.974" endtime="20210207 17:02:43.976"></status>
</kw>
<kw name="Verify Successful Login" library="LoginKeywords">
<kw name="Title Should Be" library="SeleniumLibrary">
<doc>Verifies that current page title equals ``title``.</doc>
<arguments>
<arg>ParaBank | Accounts Overview</arg>
</arguments>
<msg timestamp="20210207 17:02:43.990" level="INFO">Page title is 'ParaBank | Accounts Overview'.</msg>
<status status="PASS" starttime="20210207 17:02:43.979" endtime="20210207 17:02:43.991"></status>
</kw>
<status status="PASS" starttime="20210207 17:02:43.977" endtime="20210207 17:02:43.991"></status>
</kw>
<status status="PASS" starttime="20210207 17:02:33.145" endtime="20210207 17:02:43.992" critical="yes"></status>
</test>
<test id="s1-t2" name="TransferFundTest">
<kw name="Select TransferFund link" library="TransferFundKeywords">
<kw name="Click Element" library="SeleniumLibrary">
<doc>Click element identified by ``locator``.</doc>
<arguments>
<arg>${Link_TransferFund}</arg>
</arguments>
<msg timestamp="20210207 17:02:44.007" level="INFO">Clicking element 'xpath://a[@href='/parabank/transfer.htm']'.</msg>
<status status="PASS" starttime="20210207 17:02:44.006" endtime="20210207 17:02:44.823"></status>
</kw>
<status status="PASS" starttime="20210207 17:02:44.005" endtime="20210207 17:02:44.824"></status>
</kw>
<kw name="Enter Amount" library="TransferFundKeywords">
<arguments>
<arg>${amount}</arg>
</arguments>
<kw name="Input Text" library="SeleniumLibrary">
<doc>Types the given ``text`` into text field identified by ``locator``.</doc>
<arguments>
<arg>${Input_Amount}</arg>
<arg>${amount}</arg>
</arguments>
<msg timestamp="20210207 17:02:44.833" level="INFO">Typing text '1500.00' into text field 'Xpath://input[@id='amount']'.</msg>
<status status="PASS" starttime="20210207 17:02:44.832" endtime="20210207 17:02:45.118"></status>
</kw>
<status status="PASS" starttime="20210207 17:02:44.830" endtime="20210207 17:02:45.119"></status>
</kw>
<kw name="Sleep" library="BuiltIn">
<doc>Pauses the test executed for the given time.</doc>
<arguments>
<arg>3 seconds</arg>
</arguments>
<msg timestamp="20210207 17:02:48.123" level="INFO">Slept 3 seconds</msg>
<status status="PASS" starttime="20210207 17:02:45.121" endtime="20210207 17:02:48.123"></status>
</kw>
<kw name="Select From account" library="TransferFundKeywords">
<kw name="Select From List By Label" library="SeleniumLibrary">
<doc>Selects options from selection list ``locator`` by ``labels``.</doc>
<arguments>
<arg>fromAccountId</arg>
<arg>12567</arg>
</arguments>
<msg timestamp="20210207 17:02:48.124" level="INFO">Selecting options from selection list 'fromAccountId' by label 12567.</msg>
<status status="PASS" starttime="20210207 17:02:48.124" endtime="20210207 17:02:48.223"></status>
</kw>
<status status="PASS" starttime="20210207 17:02:48.124" endtime="20210207 17:02:48.223"></status>
</kw>
<kw name="Enter To account" library="TransferFundKeywords">
<kw name="Select From List By Label" library="SeleniumLibrary">
<doc>Selects options from selection list ``locator`` by ``labels``.</doc>
<arguments>
<arg>toAccountId</arg>
<arg>12789</arg>
</arguments>
<msg timestamp="20210207 17:02:48.225" level="INFO">Selecting options from selection list 'toAccountId' by label 12789.</msg>
<status status="PASS" starttime="20210207 17:02:48.225" endtime="20210207 17:02:48.341"></status>
</kw>
<status status="PASS" starttime="20210207 17:02:48.224" endtime="20210207 17:02:48.341"></status>
</kw>
<kw name="Submit Transfer button" library="TransferFundKeywords">
<kw name="Click Button" library="SeleniumLibrary">
<doc>Clicks button identified by ``locator``.</doc>
<arguments>
<arg>${Submit_btn}</arg>
</arguments>
<msg timestamp="20210207 17:02:48.343" level="INFO">Clicking button 'xpath://input[@type ='submit']'.</msg>
<status status="PASS" starttime="20210207 17:02:48.343" endtime="20210207 17:02:48.418"></status>
</kw>
<status status="PASS" starttime="20210207 17:02:48.342" endtime="20210207 17:02:48.419"></status>
</kw>
<kw name="Sleep" library="BuiltIn">
<doc>Pauses the test executed for the given time.</doc>
<arguments>
<arg>3 seconds</arg>
</arguments>
<msg timestamp="20210207 17:02:51.419" level="INFO">Slept 3 seconds</msg>
<status status="PASS" starttime="20210207 17:02:48.419" endtime="20210207 17:02:51.419"></status>
</kw>
<kw name="Verify the message" library="TransferFundKeywords">
<kw name="Element Text Should Be" library="SeleniumLibrary">
<doc>Verifies that element ``locator`` contains exact text ``expected``.</doc>
<arguments>
<arg>${Complete_message}</arg>
<arg>Transfer Complete!</arg>
</arguments>
<msg timestamp="20210207 17:02:51.424" level="INFO">Verifying element 'Xpath://h1[@class='title']' contains exact text 'Transfer Complete!'.</msg>
<status status="PASS" starttime="20210207 17:02:51.422" endtime="20210207 17:02:51.485"></status>
</kw>
<status status="PASS" starttime="20210207 17:02:51.420" endtime="20210207 17:02:51.485"></status>
</kw>
<kw name="Close Browser" library="SeleniumLibrary">
<doc>Closes the current browser.</doc>
<status status="PASS" starttime="20210207 17:02:51.486" endtime="20210207 17:02:53.889"></status>
</kw>
<status status="PASS" starttime="20210207 17:02:43.998" endtime="20210207 17:02:53.891" critical="yes"></status>
</test>
<status status="PASS" starttime="20210207 17:02:32.854" endtime="20210207 17:02:53.901"></status>
</suite>
<statistics>
<total>
<stat pass="2" fail="0">Critical Tests</stat>
<stat pass="2" fail="0">All Tests</stat>
</total>
<tag>
</tag>
<suite>
<stat pass="2" fail="0" id="s1" name="TransferFund">TransferFund</stat>
</suite>
</statistics>
<errors>
</errors>
</robot>
